src/android_extras/ros_master_browser/build/outputs/apk/manifest-merger-release-report.txt
-- Merging decision tree log ---
manifest
ADDED from AndroidManifest.xml:2:1
	package
		ADDED from AndroidManifest.xml:4:7
	android:versionName
		ADDED from AndroidManifest.xml:6:7
	xmlns:tools
		ADDED from AndroidManifest.xml:3:5
	android:versionCode
		ADDED from AndroidManifest.xml:5:7
		INJECTED from AndroidManifest.xml:0:0
		INJECTED from AndroidManifest.xml:0:0
	xmlns:android
		ADDED from AndroidManifest.xml:2:11
uses-sdk
ADDED from AndroidManifest.xml:7:5
MERGED from org.ros.android_core:android_10:0.2.0:8:5
	android:targetSdkVersion
		ADDED from org.ros.android_core:android_10:0.2.0:10:9
	android:minSdkVersion
		ADDED from AndroidManifest.xml:7:15
application
ADDED from AndroidManifest.xml:8:5
MERGED from org.ros.android_core:android_10:0.2.0:18:5
	android:label
		ADDED from AndroidManifest.xml:9:9
	android:allowBackup
		ADDED from AndroidManifest.xml:11:9
	android:icon
		ADDED from AndroidManifest.xml:10:9
		REJECTED from org.ros.android_core:android_10:0.2.0:19:9
	tools:replace
		ADDED from AndroidManifest.xml:12:9
activity#com.github.rosjava.android_extras.ros_master_browser.MasterBrowser
ADDED from AndroidManifest.xml:14:9
	android:label
		ADDED from AndroidManifest.xml:15:19
	android:name
		ADDED from AndroidManifest.xml:14:19
intent-filter#android.intent.action.MAIN+android.intent.category.LAUNCHER
ADDED from AndroidManifest.xml:17:13
action#android.intent.action.MAIN
ADDED from AndroidManifest.xml:18:17
	android:name
		ADDED from AndroidManifest.xml:18:25
category#android.intent.category.LAUNCHER
ADDED from AndroidManifest.xml:19:17
	android:name
		ADDED from AndroidManifest.xml:19:27
uses-permission#android.permission.INTERNET
ADDED from AndroidManifest.xml:23:5
	android:name
		ADDED from AndroidManifest.xml:23:22
uses-permission#android.permission.CHANGE_WIFI_MULTICAST_STATE
ADDED from AndroidManifest.xml:24:5
	android:name
		ADDED from AndroidManifest.xml:24:22
uses-permission#android.permission.ACCESS_WIFI_STATE
ADDED from AndroidManifest.xml:25:5
MERGED from org.ros.android_core:android_10:0.2.0:13:5
	android:name
		ADDED from AndroidManifest.xml:25:22
uses-permission#android.permission.CHANGE_WIFI_STATE
ADDED from AndroidManifest.xml:26:5
MERGED from org.ros.android_core:android_10:0.2.0:14:5
	android:name
		ADDED from AndroidManifest.xml:26:22
uses-permission#android.permission.ACCESS_NETWORK_STATE
ADDED from AndroidManifest.xml:27:5
	android:name
		ADDED from AndroidManifest.xml:27:22
uses-permission#android.permission.WRITE_EXTERNAL_STORAGE
ADDED from org.ros.android_core:android_10:0.2.0:12:5
	android:name
		ADDED from org.ros.android_core:android_10:0.2.0:12:22
uses-permission#android.permission.WAKE_LOCK
ADDED from org.ros.android_core:android_10:0.2.0:15:5
	android:name
		ADDED from org.ros.android_core:android_10:0.2.0:15:22
uses-permission#android.permission.SYSTEM_ALERT_WINDOW
ADDED from org.ros.android_core:android_10:0.2.0:16:5
	android:name
		ADDED from org.ros.android_core:android_10:0.2.0:16:22
activity#org.ros.android.MasterChooser
ADDED from org.ros.android_core:android_10:0.2.0:21:9
	android:label
		ADDED from org.ros.android_core:android_10:0.2.0:23:13
	android:launchMode
		ADDED from org.ros.android_core:android_10:0.2.0:24:13
	android:name
		ADDED from org.ros.android_core:android_10:0.2.0:22:13
service#org.ros.android.NodeMainExecutorService
ADDED from org.ros.android_core:android_10:0.2.0:26:9
	tools:ignore
		ADDED from org.ros.android_core:android_10:0.2.0:28:13
	android:name
		ADDED from org.ros.android_core:android_10:0.2.0:27:13
intent-filter#org.ros.android.NodeMainExecutorService
ADDED from org.ros.android_core:android_10:0.2.0:29:13
action#org.ros.android.NodeMainExecutorService
ADDED from org.ros.android_core:android_10:0.2.0:30:17
	android:name
		ADDED from org.ros.android_core:android_10:0.2.0:30:25